[09-Feb-2021 09:59:33 UTC] Page  not found
[09-Feb-2021 10:00:03 UTC] Page  not found
[09-Feb-2021 10:14:37 UTC] Page  not found
[09-Feb-2021 10:25:36 UTC] Page  not found
[09-Feb-2021 10:40:14 UTC] 8 Undefined property: Box_Di::$_get /var/www/public/index.php 17
[09-Feb-2021 10:40:14 UTC] 8 Trying to access array offset on value of type null /var/www/public/index.php 17
[09-Feb-2021 10:40:14 UTC] 8 Undefined property: Box_Di::$_get /var/www/public/index.php 17
[09-Feb-2021 10:40:14 UTC] 8 Trying to access array offset on value of type null /var/www/public/index.php 17
[09-Feb-2021 10:40:28 UTC] 8 Undefined property: Box_Di::$_url /var/www/public/index.php 17
[09-Feb-2021 10:40:28 UTC] 8 Undefined property: Box_Di::$_url /var/www/public/index.php 17
[09-Feb-2021 10:42:03 UTC] Call to undefined method Box_Di::getURI()
[09-Feb-2021 10:42:03 UTC] Call to undefined method Box_Di::getURI()
[09-Feb-2021 10:42:03 UTC] Call to undefined method Box_Di::getURI()
[09-Feb-2021 10:42:40 UTC] 8 Undefined property: Box_Request::$_url /var/www/public/index.php 17
[09-Feb-2021 10:42:40 UTC] 8 Undefined property: Box_Request::$_url /var/www/public/index.php 17
[09-Feb-2021 10:43:39 UTC] Unable to find template "mod_page_favicon.ico" (looked into: /var/www/public/bb-themes/boxbilling/html, /var/www/public/bb-modules/Page/html_client).
[09-Feb-2021 10:43:39 UTC] Page /favicon.ico not found
[09-Feb-2021 18:50:41 UTC] SQLSTATE[HY000] [2002] Connection refused
[09-Feb-2021 18:50:42 UTC] SQLSTATE[HY000] [2002] Connection refused
[09-Feb-2021 18:50:42 UTC] SQLSTATE[HY000] [2002] Connection refused
[09-Feb-2021 18:56:08 UTC] Unable to find template "mod_page_favicon.ico" (looked into: /var/www/public/bb-themes/boxbilling/html, /var/www/public/bb-modules/Page/html_client).
[09-Feb-2021 18:56:08 UTC] Page /favicon.ico not found
[29-Jan-2022 12:33:19 UTC] SQLSTATE[HY000] [1045] Access denied for user 'root'@'app-boxbilling.boxbilling_app-network' (using password: YES)
[29-Jan-2022 12:33:22 UTC] SQLSTATE[HY000] [1045] Access denied for user 'root'@'app-boxbilling.boxbilling_app-network' (using password: YES)
[29-Jan-2022 13:10:41 UTC] SQLSTATE[HY000] [1045] Access denied for user 'root'@'app-boxbilling.boxbilling_app-network' (using password: YES)
[29-Jan-2022 13:11:04 UTC] SQLSTATE[HY000] [1045] Access denied for user 'root'@'app-boxbilling.boxbilling_app-network' (using password: YES)
[29-Jan-2022 13:11:06 UTC] SQLSTATE[HY000] [1045] Access denied for user 'root'@'app-boxbilling.boxbilling_app-network' (using password: YES)
[29-Jan-2022 13:11:07 UTC] SQLSTATE[HY000] [1045] Access denied for user 'root'@'app-boxbilling.boxbilling_app-network' (using password: YES)
[29-Jan-2022 13:18:06 UTC] SQLSTATE[HY000] [1045] Access denied for user 'root'@'app-boxbilling.boxbilling_app-network' (using password: YES)
[29-Jan-2022 13:18:09 UTC] SQLSTATE[HY000] [1045] Access denied for user 'root'@'app-boxbilling.boxbilling_app-network' (using password: YES)
[29-Jan-2022 13:18:17 UTC] SQLSTATE[HY000] [1045] Access denied for user 'root'@'app-boxbilling.boxbilling_app-network' (using password: YES)
[29-Jan-2022 13:18:17 UTC] SQLSTATE[HY000] [1045] Access denied for user 'root'@'app-boxbilling.boxbilling_app-network' (using password: YES)
[29-Jan-2022 13:18:21 UTC] SQLSTATE[HY000] [1045] Access denied for user 'root'@'app-boxbilling.boxbilling_app-network' (using password: YES)
[29-Jan-2022 13:18:21 UTC] SQLSTATE[HY000] [1045] Access denied for user 'root'@'app-boxbilling.boxbilling_app-network' (using password: YES)
[29-Jan-2022 13:19:44 UTC] SQLSTATE[HY000] [1045] Access denied for user 'root'@'app-boxbilling.boxbilling_app-network' (using password: YES)
[29-Jan-2022 13:19:47 UTC] SQLSTATE[HY000] [1045] Access denied for user 'root'@'app-boxbilling.boxbilling_app-network' (using password: YES)
[29-Jan-2022 13:37:06 UTC] SQLSTATE[HY000] [1045] Access denied for user 'root'@'app-boxbilling.boxbilling_app-network' (using password: YES)
[29-Jan-2022 13:37:09 UTC] SQLSTATE[HY000] [1045] Access denied for user 'root'@'app-boxbilling.boxbilling_app-network' (using password: YES)
[29-Jan-2022 13:46:06 UTC] SQLSTATE[HY000] [1045] Access denied for user 'root'@'app-boxbilling.boxbilling_app-network' (using password: YES)
[29-Jan-2022 13:46:10 UTC] SQLSTATE[HY000] [1045] Access denied for user 'root'@'app-boxbilling.boxbilling_app-network' (using password: YES)
[29-Jan-2022 14:30:38 UTC] SQLSTATE[HY000] [1045] Access denied for user 'root'@'app-boxbilling.boxbilling_app-network' (using password: YES)
[29-Jan-2022 14:30:40 UTC] SQLSTATE[HY000] [1045] Access denied for user 'root'@'app-boxbilling.boxbilling_app-network' (using password: YES)
[29-Jan-2022 14:42:21 UTC] SQLSTATE[HY000] [1045] Access denied for user 'root'@'app-boxbilling.boxbilling_app-network' (using password: YES)
[29-Jan-2022 14:42:25 UTC] SQLSTATE[HY000] [1045] Access denied for user 'root'@'app-boxbilling.boxbilling_app-network' (using password: YES)
[29-Jan-2022 14:42:29 UTC] SQLSTATE[HY000] [1045] Access denied for user 'root'@'app-boxbilling.boxbilling_app-network' (using password: YES)
[29-Jan-2022 14:42:30 UTC] SQLSTATE[HY000] [1045] Access denied for user 'root'@'app-boxbilling.boxbilling_app-network' (using password: YES)
[29-Jan-2022 14:46:09 UTC] SQLSTATE[HY000] [1045] Access denied for user 'root'@'app-boxbilling.boxbilling_app-network' (using password: YES)
[29-Jan-2022 14:46:11 UTC] SQLSTATE[HY000] [1045] Access denied for user 'root'@'app-boxbilling.boxbilling_app-network' (using password: YES)
[29-Jan-2022 14:46:19 UTC] SQLSTATE[HY000] [1045] Access denied for user 'root'@'app-boxbilling.boxbilling_app-network' (using password: YES)
[29-Jan-2022 14:46:20 UTC] SQLSTATE[HY000] [1045] Access denied for user 'root'@'app-boxbilling.boxbilling_app-network' (using password: YES)
[29-Jan-2022 14:47:47 UTC] SQLSTATE[HY000] [1045] Access denied for user 'root'@'app-boxbilling.boxbilling_app-network' (using password: YES)
[29-Jan-2022 14:47:49 UTC] SQLSTATE[HY000] [1045] Access denied for user 'root'@'app-boxbilling.boxbilling_app-network' (using password: YES)
[29-Jan-2022 14:57:18 UTC] Page /login?&register=1 not found
[29-Jan-2022 15:01:48 UTC] Please check your login details 403
[29-Jan-2022 15:04:53 UTC] Unable to find template "mod_page_install.phtml" (looked into: /var/www/public/bb-themes/boxbilling/html, /var/www/public/bb-modules/Page/html_client).
[29-Jan-2022 15:04:53 UTC] Page /install not found
[29-Jan-2022 15:06:19 UTC] Unable to find template "mod_page_niagahoster.phtml" (looked into: /var/www/public/bb-themes/boxbilling/html, /var/www/public/bb-modules/Page/html_client).
[29-Jan-2022 15:06:19 UTC] Page /niagahoster not found
[29-Jan-2022 23:05:37 UTC] Unable to find template "mod_page_favicon.ico" (looked into: /var/www/public/bb-themes/boxbilling/html, /var/www/public/bb-modules/Page/html_client).
[29-Jan-2022 23:05:37 UTC] Page /favicon.ico not found
